#
# There is insufficient memory for the Java Runtime Environment to continue.
# Native memory allocation (malloc) failed to allocate 297296 bytes. Error detail: Chunk::new
# Possible reasons:
#   The system is out of physical RAM or swap space
#   This process is running with CompressedOops enabled, and the Java Heap may be blocking the growth of the native heap
# Possible solutions:
#   Reduce memory load on the system
#   Increase physical memory or swap space
#   Check if swap backing store is full
#   Decrease Java heap size (-Xmx/-Xms)
#   Decrease number of Java threads
#   Decrease Java thread stack sizes (-Xss)
#   Set larger code cache with -XX:ReservedCodeCacheSize=
#   JVM is running with Unscaled Compressed Oops mode in which the Java heap is
#     placed in the first 4GB address space. The Java Heap base address is the
#     maximum limit for the native heap growth. Please use -XX:HeapBaseMinAddress
#     to set the Java Heap base and to place the Java Heap above 4GB virtual address.
# This output file may be truncated or incomplete.
#
#  Out of Memory Error (arena.cpp:168), pid=28136, tid=24000
#
# JRE version: OpenJDK Runtime Environment Temurin-21.0.9+10 (21.0.9+10) (build 21.0.9+10-LTS)
# Java VM: OpenJDK 64-Bit Server VM Temurin-21.0.9+10 (21.0.9+10-LTS, mixed mode, sharing, tiered, compressed oops, compressed class ptrs, parallel gc, windows-amd64)
# No core dump will be written. Minidumps are not enabled by default on client versions of Windows
#

---------------  S U M M A R Y ------------

Command Line: --add-modules=ALL-SYSTEM --add-opens=java.base/java.util=ALL-UNNAMED --add-opens=java.base/java.lang=ALL-UNNAMED --add-opens=java.base/sun.nio.fs=ALL-UNNAMED -Declipse.application=org.eclipse.jdt.ls.core.id1 -Dosgi.bundles.defaultStartLevel=4 -Declipse.product=org.eclipse.jdt.ls.core.product -Djava.import.generatesMetadataFilesAtProjectRoot=false -DDetectVMInstallationsJob.disabled=true -Dfile.encoding=utf8 -XX:+UseParallelGC -XX:GCTimeRatio=4 -XX:AdaptiveSizePolicyWeight=90 -Dsun.zip.disableMemoryMapping=true -Xmx2G -Xms100m -Xlog:disable -javaagent:c:\Users\Zoé - Pixelhub\.antigravity\extensions\redhat.java-1.52.0-win32-x64\lombok\lombok-1.18.39-4050.jar -XX:+HeapDumpOnOutOfMemoryError -XX:HeapDumpPath=c:\Users\Zoé - Pixelhub\AppData\Roaming\Antigravity\User\workspaceStorage\1715fe29c75a2fcb98e5bc1af4b7b03c\redhat.java -Daether.dependencyCollector.impl=bf c:\Users\Zoé - Pixelhub\.antigravity\extensions\redhat.java-1.52.0-win32-x64\server\plugins\org.eclipse.equinox.launcher_1.7.100.v20251111-0406.jar -configuration c:\Users\Zoé - Pixelhub\AppData\Roaming\Antigravity\User\globalStorage\redhat.java\1.52.0\config_win -data c:\Users\Zoé - Pixelhub\AppData\Roaming\Antigravity\User\workspaceStorage\1715fe29c75a2fcb98e5bc1af4b7b03c\redhat.java\jdt_ws --pipe=\\.\pipe\lsp-e5add11651cebbef6006773ae8fce9c2-sock

Host: AMD Ryzen 7 PRO 4750U with Radeon Graphics, 16 cores, 15G,  Windows 11 , 64 bit Build 26100 (10.0.26100.7705)
Time: Wed Feb 11 02:11:51 2026 Hora padrão África Centro Oeste elapsed time: 25.594545 seconds (0d 0h 0m 25s)

---------------  T H R E A D  ---------------

Current thread (0x00000153709c57e0):  JavaThread "C2 CompilerThread2" daemon [_thread_in_native, id=24000, stack(0x0000002e1cd00000,0x0000002e1ce00000) (1024K)]


Current CompileTask:
C2:25596 7458   !   4       org.gradle.internal.classloader.ClasspathUtil::getClasspathForClass (137 bytes)

Stack: [0x0000002e1cd00000,0x0000002e1ce00000]
Native frames: (J=compiled Java code, j=interpreted, Vv=VM code, C=native code)
V  [jvm.dll+0x6d6e29]
V  [jvm.dll+0x8b4b76]
V  [jvm.dll+0x8b712e]
V  [jvm.dll+0x8b7813]
V  [jvm.dll+0x283d86]
V  [jvm.dll+0xc66ed]
V  [jvm.dll+0xc6c31]
V  [jvm.dll+0x2facee]
V  [jvm.dll+0x5fde44]
V  [jvm.dll+0x255557]
V  [jvm.dll+0x24d64b]
V  [jvm.dll+0x24b482]
V  [jvm.dll+0x1cb13e]
V  [jvm.dll+0x25b29d]
V  [jvm.dll+0x25982a]
V  [jvm.dll+0x3f7ea6]
V  [jvm.dll+0x85e9ad]
V  [jvm.dll+0x6d565d]
C  [ucrtbase.dll+0x37b0]
C  [KERNEL32.DLL+0x2e8d7]
C  [ntdll.dll+0x8c40c]


---------------  P R O C E S S  ---------------

Threads class SMR info:
_java_thread_list=0x0000015366593500, length=57, elements={
0x000001534ce9f850, 0x000001534cf43380, 0x000001534ce4d680, 0x000001534cf47a80,
0x000001534cf4a6b0, 0x000001534cf4e310, 0x000001534cf51ee0, 0x000001534cf54650,
0x000001534cf5b100, 0x0000015364e30580, 0x0000015366628f20, 0x000001536e37b8d0,
0x000001536e3d13b0, 0x000001536e328b70, 0x000001536e3299a0, 0x000001536ee37430,
0x000001536eb1c4b0, 0x000001536eb6d1d0, 0x000001536ef305c0, 0x000001536e2d49c0,
0x000001536e2d3610, 0x000001536e2d3ca0, 0x000001536e2d4330, 0x000001536e2d1540,
0x000001536e2d28f0, 0x000001536e2d1bd0, 0x000001536e2d2f80, 0x0000015373050ef0,
0x000001537304e790, 0x000001537304f4b0, 0x000001537304da70, 0x000001537304ee20,
0x000001537304fb40, 0x00000153730501d0, 0x000001537304e100, 0x00000153730522a0,
0x0000015373052930, 0x0000015373052fc0, 0x0000015373050860, 0x0000015373051580,
0x0000015373053650, 0x0000015373053ce0, 0x0000015373054370, 0x0000015373054a00,
0x0000015373055090, 0x0000015373051c10, 0x00000153714baa60, 0x00000153714b9020,
0x00000153714bb0f0, 0x00000153714bc4a0, 0x00000153714b96b0, 0x00000153714bd1c0,
0x00000153714b9d40, 0x00000153714be570, 0x00000153714bec00, 0x00000153709c6c50,
0x00000153709c57e0
}

Java Threads: ( => current thread )
  0x000001534ce9f850 JavaThread "main"                              [_thread_blocked, id=8736, stack(0x0000002e19900000,0x0000002e19a00000) (1024K)]
  0x000001534cf43380 JavaThread "Reference Handler"          daemon [_thread_blocked, id=8052, stack(0x0000002e19d00000,0x0000002e19e00000) (1024K)]
  0x000001534ce4d680 JavaThread "Finalizer"                  daemon [_thread_blocked, id=15276, stack(0x0000002e19e00000,0x0000002e19f00000) (1024K)]
  0x000001534cf47a80 JavaThread "Signal Dispatcher"          daemon [_thread_blocked, id=1940, stack(0x0000002e19f00000,0x0000002e1a000000) (1024K)]
  0x000001534cf4a6b0 JavaThread "Attach Listener"            daemon [_thread_blocked, id=16276, stack(0x0000002e1a000000,0x0000002e1a100000) (1024K)]
  0x000001534cf4e310 JavaThread "Service Thread"             daemon [_thread_blocked, id=3288, stack(0x0000002e1a100000,0x0000002e1a200000) (1024K)]
  0x000001534cf51ee0 JavaThread "Monitor Deflation Thread"   daemon [_thread_blocked, id=25988, stack(0x0000002e1a200000,0x0000002e1a300000) (1024K)]
  0x000001534cf54650 JavaThread "C2 CompilerThread0"         daemon [_thread_in_native, id=9564, stack(0x0000002e1a300000,0x0000002e1a400000) (1024K)]
  0x000001534cf5b100 JavaThread "C1 CompilerThread0"         daemon [_thread_blocked, id=26444, stack(0x0000002e1a400000,0x0000002e1a500000) (1024K)]
  0x0000015364e30580 JavaThread "Common-Cleaner"             daemon [_thread_blocked, id=15668, stack(0x0000002e1a700000,0x0000002e1a800000) (1024K)]
  0x0000015366628f20 JavaThread "Notification Thread"        daemon [_thread_blocked, id=22548, stack(0x0000002e1aa00000,0x0000002e1ab00000) (1024K)]
  0x000001536e37b8d0 JavaThread "Active Thread: Equinox Container: 04d0d4ba-95d4-48db-a4e7-408848b3859a"        [_thread_blocked, id=26344, stack(0x0000002e1b500000,0x0000002e1b600000) (1024K)]
  0x000001536e3d13b0 JavaThread "Refresh Thread: Equinox Container: 04d0d4ba-95d4-48db-a4e7-408848b3859a" daemon [_thread_blocked, id=5112, stack(0x0000002e1b400000,0x0000002e1b500000) (1024K)]
  0x000001536e328b70 JavaThread "Framework Event Dispatcher: Equinox Container: 04d0d4ba-95d4-48db-a4e7-408848b3859a" daemon [_thread_blocked, id=20716, stack(0x0000002e1b700000,0x0000002e1b800000) (1024K)]
  0x000001536e3299a0 JavaThread "Start Level: Equinox Container: 04d0d4ba-95d4-48db-a4e7-408848b3859a" daemon [_thread_blocked, id=26144, stack(0x0000002e1b800000,0x0000002e1b900000) (1024K)]
  0x000001536ee37430 JavaThread "Bundle File Closer"         daemon [_thread_blocked, id=28268, stack(0x0000002e1ba00000,0x0000002e1bb00000) (1024K)]
  0x000001536eb1c4b0 JavaThread "SCR Component Actor"        daemon [_thread_blocked, id=25964, stack(0x0000002e1bb00000,0x0000002e1bc00000) (1024K)]
  0x000001536eb6d1d0 JavaThread "Worker-JM"                         [_thread_blocked, id=7228, stack(0x0000002e1bc00000,0x0000002e1bd00000) (1024K)]
  0x000001536ef305c0 JavaThread "JNA Cleaner"                daemon [_thread_blocked, id=5516, stack(0x0000002e1be00000,0x0000002e1bf00000) (1024K)]
  0x000001536e2d49c0 JavaThread "Worker-0"                          [_thread_blocked, id=26940, stack(0x0000002e1bf00000,0x0000002e1c000000) (1024K)]
  0x000001536e2d3610 JavaThread "Worker-1"                          [_thread_blocked, id=14232, stack(0x0000002e1c000000,0x0000002e1c100000) (1024K)]
  0x000001536e2d3ca0 JavaThread "Worker-2"                          [_thread_blocked, id=12808, stack(0x0000002e1c200000,0x0000002e1c300000) (1024K)]
  0x000001536e2d4330 JavaThread "Worker-3"                          [_thread_blocked, id=3204, stack(0x0000002e1c400000,0x0000002e1c500000) (1024K)]
  0x000001536e2d1540 JavaThread "Java indexing"              daemon [_thread_blocked, id=23104, stack(0x0000002e1c500000,0x0000002e1c600000) (1024K)]
  0x000001536e2d28f0 JavaThread "Worker-4: Initialize Workspace"        [_thread_blocked, id=26500, stack(0x0000002e1cb00000,0x0000002e1cc00000) (1024K)]
  0x000001536e2d1bd0 JavaThread "Worker-5: Synchronize Gradle projects with workspace"        [_thread_blocked, id=22108, stack(0x0000002e1cc00000,0x0000002e1cd00000) (1024K)]
  0x000001536e2d2f80 JavaThread "Thread-1"                   daemon [_thread_in_native, id=28224, stack(0x0000002e1cf00000,0x0000002e1d000000) (1024K)]
  0x0000015373050ef0 JavaThread "Thread-2"                   daemon [_thread_in_native, id=23332, stack(0x0000002e1d000000,0x0000002e1d100000) (1024K)]
  0x000001537304e790 JavaThread "Thread-3"                   daemon [_thread_in_native, id=11888, stack(0x0000002e1d100000,0x0000002e1d200000) (1024K)]
  0x000001537304f4b0 JavaThread "Thread-4"                   daemon [_thread_in_native, id=2976, stack(0x0000002e1d200000,0x0000002e1d300000) (1024K)]
  0x000001537304da70 JavaThread "Thread-5"                   daemon [_thread_in_native, id=9160, stack(0x0000002e1d300000,0x0000002e1d400000) (1024K)]
  0x000001537304ee20 JavaThread "Thread-6"                   daemon [_thread_in_native, id=20424, stack(0x0000002e1d400000,0x0000002e1d500000) (1024K)]
  0x000001537304fb40 JavaThread "Thread-7"                   daemon [_thread_in_native, id=12420, stack(0x0000002e1d500000,0x0000002e1d600000) (1024K)]
  0x00000153730501d0 JavaThread "Thread-8"                   daemon [_thread_in_native, id=23100, stack(0x0000002e1d600000,0x0000002e1d700000) (1024K)]
  0x000001537304e100 JavaThread "Thread-9"                   daemon [_thread_in_native, id=22180, stack(0x0000002e1d700000,0x0000002e1d800000) (1024K)]
  0x00000153730522a0 JavaThread "Thread-10"                  daemon [_thread_in_native, id=18604, stack(0x0000002e1d800000,0x0000002e1d900000) (1024K)]
  0x0000015373052930 JavaThread "Thread-11"                  daemon [_thread_in_native, id=12916, stack(0x0000002e1d900000,0x0000002e1da00000) (1024K)]
  0x0000015373052fc0 JavaThread "Thread-12"                  daemon [_thread_in_native, id=24008, stack(0x0000002e1da00000,0x0000002e1db00000) (1024K)]
  0x0000015373050860 JavaThread "Thread-13"                  daemon [_thread_in_native, id=26072, stack(0x0000002e1db00000,0x0000002e1dc00000) (1024K)]
  0x0000015373051580 JavaThread "Thread-14"                  daemon [_thread_in_native, id=13884, stack(0x0000002e1dc00000,0x0000002e1dd00000) (1024K)]
  0x0000015373053650 JavaThread "Thread-15"                  daemon [_thread_in_native, id=21784, stack(0x0000002e1dd00000,0x0000002e1de00000) (1024K)]
  0x0000015373053ce0 JavaThread "Thread-16"                  daemon [_thread_in_native, id=15428, stack(0x0000002e1de00000,0x0000002e1df00000) (1024K)]
  0x0000015373054370 JavaThread "Thread-17"                  daemon [_thread_in_native, id=16564, stack(0x0000002e1df00000,0x0000002e1e000000) (1024K)]
  0x0000015373054a00 JavaThread "pool-2-thread-1"                   [_thread_blocked, id=15128, stack(0x0000002e1e000000,0x0000002e1e100000) (1024K)]
  0x0000015373055090 JavaThread "Timer-0"                           [_thread_blocked, id=10912, stack(0x0000002e1e100000,0x0000002e1e200000) (1024K)]
  0x0000015373051c10 JavaThread "Timer-1"                           [_thread_blocked, id=12244, stack(0x0000002e1e200000,0x0000002e1e300000) (1024K)]
  0x00000153714baa60 JavaThread "WorkspaceEventsHandler"            [_thread_blocked, id=20656, stack(0x0000002e1e300000,0x0000002e1e400000) (1024K)]
  0x00000153714b9020 JavaThread "pool-1-thread-1"                   [_thread_blocked, id=24780, stack(0x0000002e1e400000,0x0000002e1e500000) (1024K)]
  0x00000153714bb0f0 JavaThread "Timer-2"                           [_thread_blocked, id=10604, stack(0x0000002e1c700000,0x0000002e1c800000) (1024K)]
  0x00000153714bc4a0 JavaThread "Timer-3"                           [_thread_blocked, id=11968, stack(0x0000002e1a500000,0x0000002e1a600000) (1024K)]
  0x00000153714b96b0 JavaThread "Timer-4"                           [_thread_blocked, id=28724, stack(0x0000002e1a600000,0x0000002e1a700000) (1024K)]
  0x00000153714bd1c0 JavaThread "Timer-5"                           [_thread_blocked, id=6968, stack(0x0000002e1a800000,0x0000002e1a900000) (1024K)]
  0x00000153714b9d40 JavaThread "Timer-6"                           [_thread_blocked, id=10220, stack(0x0000002e1c100000,0x0000002e1c200000) (1024K)]
  0x00000153714be570 JavaThread "Timer-7"                           [_thread_blocked, id=12616, stack(0x0000002e1c300000,0x0000002e1c400000) (1024K)]
  0x00000153714bec00 JavaThread "Connection worker"                 [_thread_in_Java, id=20100, stack(0x0000002e1c600000,0x0000002e1c700000) (1024K)]
  0x00000153709c6c50 JavaThread "C2 CompilerThread1"         daemon [_thread_blocked, id=9912, stack(0x0000002e1bd00000,0x0000002e1be00000) (1024K)]
=>0x00000153709c57e0 JavaThread "C2 CompilerThread2"         daemon [_thread_in_native, id=24000, stack(0x0000002e1cd00000,0x0000002e1ce00000) (1024K)]
Total: 57

Other Threads:
  0x000001534cf3e8f0 VMThread "VM Thread"                           [id=19048, stack(0x0000002e19c00000,0x0000002e19d00000) (1024K)]
  0x000001534cd2ca00 WatcherThread "VM Periodic Task Thread"        [id=23840, stack(0x0000002e19b00000,0x0000002e19c00000) (1024K)]
  0x000001534cebc7b0 WorkerThread "GC Thread#0"                     [id=7904, stack(0x0000002e19a00000,0x0000002e19b00000) (1024K)]
  0x000001536e2a5090 WorkerThread "GC Thread#1"                     [id=17916, stack(0x0000002e1ac00000,0x0000002e1ad00000) (1024K)]
  0x0000015366c656b0 WorkerThread "GC Thread#2"                     [id=28976, stack(0x0000002e1ad00000,0x0000002e1ae00000) (1024K)]
  0x0000015366c66190 WorkerThread "GC Thread#3"                     [id=23428, stack(0x0000002e1ae00000,0x0000002e1af00000) (1024K)]
  0x0000015366c64bd0 WorkerThread "GC Thread#4"                     [id=2836, stack(0x0000002e1af00000,0x0000002e1b000000) (1024K)]
  0x0000015366c65310 WorkerThread "GC Thread#5"                     [id=21808, stack(0x0000002e1b000000,0x0000002e1b100000) (1024K)]
  0x0000015366c65a50 WorkerThread "GC Thread#6"                     [id=16464, stack(0x0000002e1b100000,0x0000002e1b200000) (1024K)]
  0x0000015366c64830 WorkerThread "GC Thread#7"                     [id=24920, stack(0x0000002e1b600000,0x0000002e1b700000) (1024K)]
  0x000001536e4193c0 WorkerThread "GC Thread#8"                     [id=9044, stack(0x0000002e1b200000,0x0000002e1b300000) (1024K)]
  0x000001536e417a60 WorkerThread "GC Thread#9"                     [id=26596, stack(0x0000002e1b300000,0x0000002e1b400000) (1024K)]
  0x000001536e419b00 WorkerThread "GC Thread#10"                    [id=9120, stack(0x0000002e1b900000,0x0000002e1ba00000) (1024K)]
  0x000001536e419ea0 WorkerThread "GC Thread#11"                    [id=25812, stack(0x0000002e1ab00000,0x0000002e1ac00000) (1024K)]
  0x000001536e416be0 WorkerThread "GC Thread#12"                    [id=27032, stack(0x0000002e1a900000,0x0000002e1aa00000) (1024K)]
Total: 15

Threads with active compile tasks:
C2 CompilerThread0  25679 7460       4       java.net.URI::equals (223 bytes)
C2 CompilerThread1  25679 7462   !   4       java.lang.String::replace (258 bytes)
C2 CompilerThread2  25680 7458   !   4       org.gradle.internal.classloader.ClasspathUtil::getClasspathForClass (137 bytes)
Total: 3

VM state: not at safepoint (normal execution)

VM Mutex/Monitor currently owned by a thread: None

Heap address: 0x0000000080000000, size: 2048 MB, Compressed Oops mode: 32-bit

CDS archive(s) mapped at: [0x0000015300000000-0x0000015300ba0000-0x0000015300ba0000), size 12189696, SharedBaseAddress: 0x0000015300000000, ArchiveRelocationMode: 1.
Compressed class space mapped at: 0x0000015301000000-0x0000015341000000, reserved size: 1073741824
Narrow klass base: 0x0000015300000000, Narrow klass shift: 0, Narrow klass range: 0x100000000

GC Precious Log:
 CardTable entry size: 512
 CPUs: 16 total, 16 available
 Memory: 15591M
 Large Page Support: Disabled
 NUMA Support: Disabled
 Compressed Oops: Enabled (32-bit)
 Alignments: Space 512K, Generation 512K, Heap 2M
 Heap Min Capacity: 100M
 Heap Initial Capacity: 100M
 Heap Max Capacity: 2G
 Pre-touch: Disabled
 Parallel Workers: 13

Heap:
 PSYoungGen      total 19456K, used 8928K [0x00000000d5580000, 0x00000000d6a00000, 0x0000000100000000)
  eden space 17920K, 44% used [0x00000000d5580000,0x00000000d5d3fdf0,0x00000000d6700000)
  from space 1536K, 64% used [0x00000000d6700000,0x00000000d67f85d8,0x00000000d6880000)
  to   space 1536K, 0% used [0x00000000d6880000,0x00000000d6880000,0x00000000d6a00000)
 ParOldGen       total 68608K, used 39942K [0x0000000080000000, 0x0000000084300000, 0x00000000d5580000)
  object space 68608K, 58% used [0x0000000080000000,0x0000000082701828,0x0000000084300000)
 Metaspace       used 59099K, committed 60352K, reserved 1114112K
  class space    used 7436K, committed 8000K, reserved 1048576K

Card table byte_map: [0x000001534c840000,0x000001534cc50000] _byte_map_base: 0x000001534c440000

Marking Bits: (ParMarkBitMap*) 0x00007ffb27b42460
 Begin Bits: [0x000001535f350000, 0x0000015361350000)
 End Bits:   [0x0000015361350000, 0x0000015363350000)

Polling page: 0x000001534ac40000

Metaspace:

Usage:
  Non-class:     50.45 MB used.
      Class:      7.26 MB used.
       Both:     57.71 MB used.

Virtual space:
  Non-class space:       64.00 MB reserved,      51.12 MB ( 80%) committed,  1 nodes.
      Class space:        1.00 GB reserved,       7.81 MB ( <1%) committed,  1 nodes.
             Both:        1.06 GB reserved,      58.94 MB (  5%) committed. 

Chunk freelists:
   Non-Class:  12.88 MB
       Class:  8.13 MB
        Both:  21.01 MB

MaxMetaspaceSize: unlimited
CompressedClassSpaceSize: 1.00 GB
Initial GC threshold: 21.00 MB
Current GC threshold: 97.31 MB
CDS: on
 - commit_granule_bytes: 65536.
 - commit_granule_words: 8192.
 - virtual_space_node_default_size: 8388608.
 - enlarge_chunks_in_place: 1.
 - use_allocation_guard: 0.


Internal statistics:

num_allocs_failed_limit: 9.
num_arena_births: 1012.
num_arena_deaths: 26.
num_vsnodes_births: 2.
num_vsnodes_deaths: 0.
num_space_committed: 943.
num_space_uncommitted: 0.
num_chunks_returned_to_freelist: 38.
num_chunks_taken_from_freelist: 3785.
num_chunk_merges: 12.
num_chunk_splits: 2302.
num_chunks_enlarged: 1236.
num_inconsistent_stats: 0.

CodeHeap 'non-profiled nmethods': size=119168Kb used=4691Kb max_used=4691Kb free=114476Kb
 bounds [0x0000015357c40000, 0x00000153580e0000, 0x000001535f0a0000]
CodeHeap 'profiled nmethods': size=119104Kb used=13515Kb max_used=14150Kb free=105589Kb
 bounds [0x00000153500a0000, 0x0000015350e80000, 0x00000153574f0000]
CodeHeap 'non-nmethods': size=7488Kb used=1377Kb max_used=3156Kb free=6111Kb
 bounds [0x00000153574f0000, 0x0000015357810000, 0x0000015357c40000]
CodeCache: size=245760Kb, used=19583Kb, max_used=21997Kb, free=226176Kb
 total_blobs=7391, nmethods=6713, adapters=584, full_count=0
Compilation: enabled, stopped_count=0, restarted_count=0

Compilation events (20 events):
Event: 25.372 Thread 0x000001534cf54650 nmethod 7449 0x0000015357d8ca10 code [0x0000015357d8cba0, 0x0000015357d8cc58]
Event: 25.388 Thread 0x00000153709c6c50 nmethod 7448 0x00000153580c7d90 code [0x00000153580c8060, 0x00000153580c8d88]
Event: 25.397 Thread 0x00000153709c57e0 nmethod 7447 0x00000153580c9a90 code [0x00000153580c9dc0, 0x00000153580cb138]
Event: 25.432 Thread 0x00000153709c57e0 7450       4       org.eclipse.osgi.internal.loader.BundleLoader::getResourcePackageName (57 bytes)
Event: 25.438 Thread 0x000001534cf54650 7451       4       java.util.stream.StreamOpFlag::fromCharacteristics (37 bytes)
Event: 25.439 Thread 0x000001534cf54650 nmethod 7451 0x0000015357de4790 code [0x0000015357de4920, 0x0000015357de49d8]
Event: 25.445 Thread 0x000001534cf54650 7452       4       org.eclipse.osgi.internal.loader.ModuleClassLoader::getResource (121 bytes)
Event: 25.449 Thread 0x00000153709c6c50 7453       4       java.util.stream.StreamSupport::stream (19 bytes)
Event: 25.453 Thread 0x00000153709c6c50 nmethod 7453 0x0000015357da9f90 code [0x0000015357daa120, 0x0000015357daa2e0]
Event: 25.456 Thread 0x000001534cf54650 nmethod 7452 0x00000153580cc410 code [0x00000153580cc640, 0x00000153580ccaf0]
Event: 25.467 Thread 0x00000153709c6c50 7454       4       org.eclipse.osgi.internal.loader.BundleLoader::findLocalResource (9 bytes)
Event: 25.469 Thread 0x000001534cf54650 7455       4       java.net.URI::hashCode (123 bytes)
Event: 25.484 Thread 0x00000153709c57e0 nmethod 7450 0x00000153580ccf90 code [0x00000153580cd1a0, 0x00000153580cddc8]
Event: 25.484 Thread 0x00000153709c57e0 7456   !   4       org.eclipse.osgi.storage.url.BundleResourceHandler::openConnection (153 bytes)
Event: 25.487 Thread 0x00000153709c6c50 nmethod 7454 0x00000153580ce410 code [0x00000153580ce620, 0x00000153580ced28]
Event: 25.493 Thread 0x00000153709c6c50 7457       4       java.io.File::<init> (196 bytes)
Event: 25.505 Thread 0x00000153709c57e0 nmethod 7456 0x00000153580cf410 code [0x00000153580cf600, 0x00000153580cfb38]
Event: 25.505 Thread 0x00000153709c57e0 7458   !   4       org.gradle.internal.classloader.ClasspathUtil::getClasspathForClass (137 bytes)
Event: 25.536 Thread 0x000001534cf54650 nmethod 7455 0x00000153580d0010 code [0x00000153580d0340, 0x00000153580d1950]
Event: 25.553 Thread 0x000001534cf54650 7459       4       java.net.URISyntaxException::<init> (45 bytes)

GC Heap History (20 events):
Event: 23.485 GC heap before
{Heap before GC invocations=34 (full 2):
 PSYoungGen      total 19968K, used 19175K [0x00000000d5580000, 0x00000000d6b00000, 0x0000000100000000)
  eden space 18432K, 100% used [0x00000000d5580000,0x00000000d6780000,0x00000000d6780000)
  from space 1536K, 48% used [0x00000000d6800000,0x00000000d68b9f00,0x00000000d6980000)
  to   space 1024K, 0% used [0x00000000d6a00000,0x00000000d6a00000,0x00000000d6b00000)
 ParOldGen       total 68608K, used 41296K [0x0000000080000000, 0x0000000084300000, 0x00000000d5580000)
  object space 68608K, 60% used [0x0000000080000000,0x00000000828540e8,0x0000000084300000)
 Metaspace       used 56715K, committed 57920K, reserved 1114112K
  class space    used 6940K, committed 7488K, reserved 1048576K
}
Event: 23.487 GC heap after
{Heap after GC invocations=34 (full 2):
 PSYoungGen      total 18944K, used 448K [0x00000000d5580000, 0x00000000d6a80000, 0x0000000100000000)
  eden space 18432K, 0% used [0x00000000d5580000,0x00000000d5580000,0x00000000d6780000)
  from space 512K, 87% used [0x00000000d6a00000,0x00000000d6a70000,0x00000000d6a80000)
  to   space 1024K, 0% used [0x00000000d6880000,0x00000000d6880000,0x00000000d6980000)
 ParOldGen       total 68608K, used 41416K [0x0000000080000000, 0x0000000084300000, 0x00000000d5580000)
  object space 68608K, 60% used [0x0000000080000000,0x00000000828720e8,0x0000000084300000)
 Metaspace       used 56715K, committed 57920K, reserved 1114112K
  class space    used 6940K, committed 7488K, reserved 1048576K
}
Event: 23.783 GC heap before
{Heap before GC invocations=35 (full 2):
 PSYoungGen      total 18944K, used 18880K [0x00000000d5580000, 0x00000000d6a80000, 0x0000000100000000)
  eden space 18432K, 100% used [0x00000000d5580000,0x00000000d6780000,0x00000000d6780000)
  from space 512K, 87% used [0x00000000d6a00000,0x00000000d6a70000,0x00000000d6a80000)
  to   space 1024K, 0% used [0x00000000d6880000,0x00000000d6880000,0x00000000d6980000)
 ParOldGen       total 68608K, used 41416K [0x0000000080000000, 0x0000000084300000, 0x00000000d5580000)
  object space 68608K, 60% used [0x0000000080000000,0x00000000828720e8,0x0000000084300000)
 Metaspace       used 57448K, committed 58688K, reserved 1114112K
  class space    used 7120K, committed 7680K, reserved 1048576K
}
Event: 23.785 GC heap after
{Heap after GC invocations=35 (full 2):
 PSYoungGen      total 19456K, used 791K [0x00000000d5580000, 0x00000000d6a80000, 0x0000000100000000)
  eden space 18432K, 0% used [0x00000000d5580000,0x00000000d5580000,0x00000000d6780000)
  from space 1024K, 77% used [0x00000000d6880000,0x00000000d6945d88,0x00000000d6980000)
  to   space 1024K, 0% used [0x00000000d6980000,0x00000000d6980000,0x00000000d6a80000)
 ParOldGen       total 68608K, used 41568K [0x0000000080000000, 0x0000000084300000, 0x00000000d5580000)
  object space 68608K, 60% used [0x0000000080000000,0x00000000828980f8,0x0000000084300000)
 Metaspace       used 57448K, committed 58688K, reserved 1114112K
  class space    used 7120K, committed 7680K, reserved 1048576K
}
Event: 24.086 GC heap before
{Heap before GC invocations=36 (full 2):
 PSYoungGen      total 19456K, used 19223K [0x00000000d5580000, 0x00000000d6a80000, 0x0000000100000000)
  eden space 18432K, 100% used [0x00000000d5580000,0x00000000d6780000,0x00000000d6780000)
  from space 1024K, 77% used [0x00000000d6880000,0x00000000d6945d88,0x00000000d6980000)
  to   space 1024K, 0% used [0x00000000d6980000,0x00000000d6980000,0x00000000d6a80000)
 ParOldGen       total 68608K, used 41568K [0x0000000080000000, 0x0000000084300000, 0x00000000d5580000)
  object space 68608K, 60% used [0x0000000080000000,0x00000000828980f8,0x0000000084300000)
 Metaspace       used 58415K, committed 59648K, reserved 1114112K
  class space    used 7320K, committed 7872K, reserved 1048576K
}
Event: 24.088 GC heap after
{Heap after GC invocations=36 (full 2):
 PSYoungGen      total 19456K, used 706K [0x00000000d5580000, 0x00000000d6a80000, 0x0000000100000000)
  eden space 18432K, 0% used [0x00000000d5580000,0x00000000d5580000,0x00000000d6780000)
  from space 1024K, 68% used [0x00000000d6980000,0x00000000d6a308c8,0x00000000d6a80000)
  to   space 1024K, 0% used [0x00000000d6880000,0x00000000d6880000,0x00000000d6980000)
 ParOldGen       total 68608K, used 41754K [0x0000000080000000, 0x0000000084300000, 0x00000000d5580000)
  object space 68608K, 60% used [0x0000000080000000,0x00000000828c68b8,0x0000000084300000)
 Metaspace       used 58415K, committed 59648K, reserved 1114112K
  class space    used 7320K, committed 7872K, reserved 1048576K
}
Event: 24.117 GC heap before
{Heap before GC invocations=37 (full 2):
 PSYoungGen      total 19456K, used 2074K [0x00000000d5580000, 0x00000000d6a80000, 0x0000000100000000)
  eden space 18432K, 7% used [0x00000000d5580000,0x00000000d56d6068,0x00000000d6780000)
  from space 1024K, 68% used [0x00000000d6980000,0x00000000d6a308c8,0x00000000d6a80000)
  to   space 1024K, 0% used [0x00000000d6880000,0x00000000d6880000,0x00000000d6980000)
 ParOldGen       total 68608K, used 41754K [0x0000000080000000, 0x0000000084300000, 0x00000000d5580000)
  object space 68608K, 60% used [0x0000000080000000,0x00000000828c68b8,0x0000000084300000)
 Metaspace       used 58516K, committed 59776K, reserved 1114112K
  class space    used 7329K, committed 7936K, reserved 1048576K
}
Event: 24.119 GC heap after
{Heap after GC invocations=37 (full 2):
 PSYoungGen      total 19456K, used 352K [0x00000000d5580000, 0x00000000d6a00000, 0x0000000100000000)
  eden space 18432K, 0% used [0x00000000d5580000,0x00000000d5580000,0x00000000d6780000)
  from space 1024K, 34% used [0x00000000d6880000,0x00000000d68d8000,0x00000000d6980000)
  to   space 512K, 0% used [0x00000000d6980000,0x00000000d6980000,0x00000000d6a00000)
 ParOldGen       total 68608K, used 42290K [0x0000000080000000, 0x0000000084300000, 0x00000000d5580000)
  object space 68608K, 61% used [0x0000000080000000,0x000000008294c968,0x0000000084300000)
 Metaspace       used 58516K, committed 59776K, reserved 1114112K
  class space    used 7329K, committed 7936K, reserved 1048576K
}
Event: 24.119 GC heap before
{Heap before GC invocations=38 (full 3):
 PSYoungGen      total 19456K, used 352K [0x00000000d5580000, 0x00000000d6a00000, 0x0000000100000000)
  eden space 18432K, 0% used [0x00000000d5580000,0x00000000d5580000,0x00000000d6780000)
  from space 1024K, 34% used [0x00000000d6880000,0x00000000d68d8000,0x00000000d6980000)
  to   space 512K, 0% used [0x00000000d6980000,0x00000000d6980000,0x00000000d6a00000)
 ParOldGen       total 68608K, used 42290K [0x0000000080000000, 0x0000000084300000, 0x00000000d5580000)
  object space 68608K, 61% used [0x0000000080000000,0x000000008294c968,0x0000000084300000)
 Metaspace       used 58516K, committed 59776K, reserved 1114112K
  class space    used 7329K, committed 7936K, reserved 1048576K
}
Event: 24.204 GC heap after
{Heap after GC invocations=38 (full 3):
 PSYoungGen      total 19456K, used 0K [0x00000000d5580000, 0x00000000d6a00000, 0x0000000100000000)
  eden space 18432K, 0% used [0x00000000d5580000,0x00000000d5580000,0x00000000d6780000)
  from space 1024K, 0% used [0x00000000d6880000,0x00000000d6880000,0x00000000d6980000)
  to   space 512K, 0% used [0x00000000d6980000,0x00000000d6980000,0x00000000d6a00000)
 ParOldGen       total 68608K, used 38747K [0x0000000080000000, 0x0000000084300000, 0x00000000d5580000)
  object space 68608K, 56% used [0x0000000080000000,0x00000000825d6e00,0x0000000084300000)
 Metaspace       used 58516K, committed 59776K, reserved 1114112K
  class space    used 7329K, committed 7936K, reserved 1048576K
}
Event: 24.502 GC heap before
{Heap before GC invocations=39 (full 3):
 PSYoungGen      total 19456K, used 18432K [0x00000000d5580000, 0x00000000d6a00000, 0x0000000100000000)
  eden space 18432K, 100% used [0x00000000d5580000,0x00000000d6780000,0x00000000d6780000)
  from space 1024K, 0% used [0x00000000d6880000,0x00000000d6880000,0x00000000d6980000)
  to   space 512K, 0% used [0x00000000d6980000,0x00000000d6980000,0x00000000d6a00000)
 ParOldGen       total 68608K, used 38747K [0x0000000080000000, 0x0000000084300000, 0x00000000d5580000)
  object space 68608K, 56% used [0x0000000080000000,0x00000000825d6e00,0x0000000084300000)
 Metaspace       used 59099K, committed 60352K, reserved 1114112K
  class space    used 7436K, committed 8000K, reserved 1048576K
}
Event: 24.503 GC heap after
{Heap after GC invocations=39 (full 3):
 PSYoungGen      total 18944K, used 501K [0x00000000d5580000, 0x00000000d6a00000, 0x0000000100000000)
  eden space 18432K, 0% used [0x00000000d5580000,0x00000000d5580000,0x00000000d6780000)
  from space 512K, 97% used [0x00000000d6980000,0x00000000d69fd5d8,0x00000000d6a00000)
  to   space 1024K, 0% used [0x00000000d6800000,0x00000000d6800000,0x00000000d6900000)
 ParOldGen       total 68608K, used 38836K [0x0000000080000000, 0x0000000084300000, 0x00000000d5580000)
  object space 68608K, 56% used [0x0000000080000000,0x00000000825ed2a8,0x0000000084300000)
 Metaspace       used 59099K, committed 60352K, reserved 1114112K
  class space    used 7436K, committed 8000K, reserved 1048576K
}
Event: 24.715 GC heap before
{Heap before GC invocations=40 (full 3):
 PSYoungGen      total 18944K, used 18933K [0x00000000d5580000, 0x00000000d6a00000, 0x0000000100000000)
  eden space 18432K, 100% used [0x00000000d5580000,0x00000000d6780000,0x00000000d6780000)
  from space 512K, 97% used [0x00000000d6980000,0x00000000d69fd5d8,0x00000000d6a00000)
  to   space 1024K, 0% used [0x00000000d6800000,0x00000000d6800000,0x00000000d6900000)
 ParOldGen       total 68608K, used 38836K [0x0000000080000000, 0x0000000084300000, 0x00000000d5580000)
  object space 68608K, 56% used [0x0000000080000000,0x00000000825ed2a8,0x0000000084300000)
 Metaspace       used 59099K, committed 60352K, reserved 1114112K
  class space    used 7436K, committed 8000K, reserved 1048576K
}
Event: 24.717 GC heap after
{Heap after GC invocations=40 (full 3):
 PSYoungGen      total 19456K, used 577K [0x00000000d5580000, 0x00000000d6a00000, 0x0000000100000000)
  eden space 18432K, 0% used [0x00000000d5580000,0x00000000d5580000,0x00000000d6780000)
  from space 1024K, 56% used [0x00000000d6800000,0x00000000d68907e0,0x00000000d6900000)
  to   space 1024K, 0% used [0x00000000d6900000,0x00000000d6900000,0x00000000d6a00000)
 ParOldGen       total 68608K, used 39336K [0x0000000080000000, 0x0000000084300000, 0x00000000d5580000)
  object space 68608K, 57% used [0x0000000080000000,0x000000008266a060,0x0000000084300000)
 Metaspace       used 59099K, committed 60352K, reserved 1114112K
  class space    used 7436K, committed 8000K, reserved 1048576K
}
Event: 24.923 GC heap before
{Heap before GC invocations=41 (full 3):
 PSYoungGen      total 19456K, used 19009K [0x00000000d5580000, 0x00000000d6a00000, 0x0000000100000000)
  eden space 18432K, 100% used [0x00000000d5580000,0x00000000d6780000,0x00000000d6780000)
  from space 1024K, 56% used [0x00000000d6800000,0x00000000d68907e0,0x00000000d6900000)
  to   space 1024K, 0% used [0x00000000d6900000,0x00000000d6900000,0x00000000d6a00000)
 ParOldGen       total 68608K, used 39336K [0x0000000080000000, 0x0000000084300000, 0x00000000d5580000)
  object space 68608K, 57% used [0x0000000080000000,0x000000008266a060,0x0000000084300000)
 Metaspace       used 59099K, committed 60352K, reserved 1114112K
  class space    used 7436K, committed 8000K, reserved 1048576K
}
Event: 24.925 GC heap after
{Heap after GC invocations=41 (full 3):
 PSYoungGen      total 19456K, used 1019K [0x00000000d5580000, 0x00000000d6a80000, 0x0000000100000000)
  eden space 18432K, 0% used [0x00000000d5580000,0x00000000d5580000,0x00000000d6780000)
  from space 1024K, 99% used [0x00000000d6900000,0x00000000d69fec50,0x00000000d6a00000)
  to   space 1536K, 0% used [0x00000000d6780000,0x00000000d6780000,0x00000000d6900000)
 ParOldGen       total 68608K, used 39620K [0x0000000080000000, 0x0000000084300000, 0x00000000d5580000)
  object space 68608K, 57% used [0x0000000080000000,0x00000000826b1250,0x0000000084300000)
 Metaspace       used 59099K, committed 60352K, reserved 1114112K
  class space    used 7436K, committed 8000K, reserved 1048576K
}
Event: 25.138 GC heap before
{Heap before GC invocations=42 (full 3):
 PSYoungGen      total 19456K, used 19451K [0x00000000d5580000, 0x00000000d6a80000, 0x0000000100000000)
  eden space 18432K, 100% used [0x00000000d5580000,0x00000000d6780000,0x00000000d6780000)
  from space 1024K, 99% used [0x00000000d6900000,0x00000000d69fec50,0x00000000d6a00000)
  to   space 1536K, 0% used [0x00000000d6780000,0x00000000d6780000,0x00000000d6900000)
 ParOldGen       total 68608K, used 39620K [0x0000000080000000, 0x0000000084300000, 0x00000000d5580000)
  object space 68608K, 57% used [0x0000000080000000,0x00000000826b1250,0x0000000084300000)
 Metaspace       used 59099K, committed 60352K, reserved 1114112K
  class space    used 7436K, committed 8000K, reserved 1048576K
}
Event: 25.139 GC heap after
{Heap after GC invocations=42 (full 3):
 PSYoungGen      total 18944K, used 429K [0x00000000d5580000, 0x00000000d6980000, 0x0000000100000000)
  eden space 18432K, 0% used [0x00000000d5580000,0x00000000d5580000,0x00000000d6780000)
  from space 512K, 83% used [0x00000000d6780000,0x00000000d67eb420,0x00000000d6800000)
  to   space 1024K, 0% used [0x00000000d6880000,0x00000000d6880000,0x00000000d6980000)
 ParOldGen       total 68608K, used 39700K [0x0000000080000000, 0x0000000084300000, 0x00000000d5580000)
  object space 68608K, 57% used [0x0000000080000000,0x00000000826c5250,0x0000000084300000)
 Metaspace       used 59099K, committed 60352K, reserved 1114112K
  class space    used 7436K, committed 8000K, reserved 1048576K
}
Event: 25.366 GC heap before
{Heap before GC invocations=43 (full 3):
 PSYoungGen      total 18944K, used 18861K [0x00000000d5580000, 0x00000000d6980000, 0x0000000100000000)
  eden space 18432K, 100% used [0x00000000d5580000,0x00000000d6780000,0x00000000d6780000)
  from space 512K, 83% used [0x00000000d6780000,0x00000000d67eb420,0x00000000d6800000)
  to   space 1024K, 0% used [0x00000000d6880000,0x00000000d6880000,0x00000000d6980000)
 ParOldGen       total 68608K, used 39700K [0x0000000080000000, 0x0000000084300000, 0x00000000d5580000)
  object space 68608K, 57% used [0x0000000080000000,0x00000000826c5250,0x0000000084300000)
 Metaspace       used 59099K, committed 60352K, reserved 1114112K
  class space    used 7436K, committed 8000K, reserved 1048576K
}
Event: 25.368 GC heap after
{Heap after GC invocations=43 (full 3):
 PSYoungGen      total 18944K, used 998K [0x00000000d5580000, 0x00000000d6a80000, 0x0000000100000000)
  eden space 17920K, 0% used [0x00000000d5580000,0x00000000d5580000,0x00000000d6700000)
  from space 1024K, 97% used [0x00000000d6880000,0x00000000d6979bc8,0x00000000d6980000)
  to   space 1536K, 0% used [0x00000000d6700000,0x00000000d6700000,0x00000000d6880000)
 ParOldGen       total 68608K, used 39838K [0x0000000080000000, 0x0000000084300000, 0x00000000d5580000)
  object space 68608K, 58% used [0x0000000080000000,0x00000000826e7818,0x0000000084300000)
 Metaspace       used 59099K, committed 60352K, reserved 1114112K
  class space    used 7436K, committed 8000K, reserved 1048576K
}

Dll operation events (13 events):
Event: 0.027 Loaded shared library c:\Users\Zoé - Pixelhub\.antigravity\extensions\redhat.java-1.52.0-win32-x64\jre\21.0.9-win32-x86_64\bin\java.dll
Event: 0.177 Loaded shared library c:\Users\Zoé - Pixelhub\.antigravity\extensions\redhat.java-1.52.0-win32-x64\jre\21.0.9-win32-x86_64\bin\zip.dll
Event: 0.225 Loaded shared library C:\Users\Zoé - Pixelhub\.antigravity\extensions\redhat.java-1.52.0-win32-x64\jre\21.0.9-win32-x86_64\bin\instrument.dll
Event: 0.235 Loaded shared library C:\Users\Zoé - Pixelhub\.antigravity\extensions\redhat.java-1.52.0-win32-x64\jre\21.0.9-win32-x86_64\bin\net.dll
Event: 0.240 Loaded shared library C:\Users\Zoé - Pixelhub\.antigravity\extensions\redhat.java-1.52.0-win32-x64\jre\21.0.9-win32-x86_64\bin\nio.dll
Event: 0.247 Loaded shared library C:\Users\Zoé - Pixelhub\.antigravity\extensions\redhat.java-1.52.0-win32-x64\jre\21.0.9-win32-x86_64\bin\zip.dll
Event: 0.283 Loaded shared library C:\Users\Zoé - Pixelhub\.antigravity\extensions\redhat.java-1.52.0-win32-x64\jre\21.0.9-win32-x86_64\bin\jimage.dll
Event: 0.462 Loaded shared library c:\Users\Zoé - Pixelhub\.antigravity\extensions\redhat.java-1.52.0-win32-x64\jre\21.0.9-win32-x86_64\bin\verify.dll
Event: 3.056 Loaded shared library C:\Users\Zoé - Pixelhub\AppData\Roaming\Antigravity\User\globalStorage\redhat.java\1.52.0\config_win\org.eclipse.equinox.launcher\org.eclipse.equinox.launcher.win32.win32.x86_64_1.2.1500.v20260121-1430\eclipse_11919.dll
Event: 5.610 Loaded shared library C:\Users\Zoé - Pixelhub\AppData\Local\Temp\jna--455531826\jna8062887548469133738.dll
Event: 14.010 Loaded shared library C:\Users\Zoé - Pixelhub\.gradle\native\1def1411415f61bf3af743bc5b6707747c0891f09f0c88961ee8f79bc544acac\windows-amd64\native-platform.dll
Event: 18.572 Loaded shared library C:\Users\Zoé - Pixelhub\.antigravity\extensions\redhat.java-1.52.0-win32-x64\jre\21.0.9-win32-x86_64\bin\management.dll
Event: 18.584 Loaded shared library C:\Users\Zoé - Pixelhub\.antigravity\extensions\redhat.java-1.52.0-win32-x64\jre\21.0.9-win32-x86_64\bin\management_ext.dll

Deoptimization events (20 events):
Event: 24.278 Thread 0x00000153714bec00 DEOPT PACKING pc=0x0000015350a42be8 sp=0x0000002e1c6fd250
Event: 24.278 Thread 0x00000153714bec00 DEOPT UNPACKING pc=0x0000015357544242 sp=0x0000002e1c6fc7f8 mode 0
Event: 24.308 Thread 0x00000153714bec00 Uncommon trap: trap_request=0xffffff45 fr.pc=0x0000015357df6d4c relative=0x0000000000001dac
Event: 24.308 Thread 0x00000153714bec00 Uncommon trap: reason=unstable_if action=reinterpret pc=0x0000015357df6d4c method=org.objectweb.asm.Frame.execute(IILorg/objectweb/asm/Symbol;Lorg/objectweb/asm/SymbolTable;)V @ 1 c2
Event: 24.308 Thread 0x00000153714bec00 DEOPT PACKING pc=0x0000015357df6d4c sp=0x0000002e1c6fbfa0
Event: 24.308 Thread 0x00000153714bec00 DEOPT UNPACKING pc=0x0000015357543aa2 sp=0x0000002e1c6fbf08 mode 2
Event: 24.364 Thread 0x00000153714bec00 DEOPT PACKING pc=0x0000015350a42be8 sp=0x0000002e1c6fd5f0
Event: 24.364 Thread 0x00000153714bec00 DEOPT UNPACKING pc=0x0000015357544242 sp=0x0000002e1c6fcb98 mode 0
Event: 24.443 Thread 0x00000153714bec00 DEOPT PACKING pc=0x0000015350a42be8 sp=0x0000002e1c6fcbd0
Event: 24.443 Thread 0x00000153714bec00 DEOPT UNPACKING pc=0x0000015357544242 sp=0x0000002e1c6fc178 mode 0
Event: 24.467 Thread 0x00000153714bec00 DEOPT PACKING pc=0x0000015350a42be8 sp=0x0000002e1c6fc490
Event: 24.467 Thread 0x00000153714bec00 DEOPT UNPACKING pc=0x0000015357544242 sp=0x0000002e1c6fba38 mode 0
Event: 24.495 Thread 0x00000153714bec00 DEOPT PACKING pc=0x0000015350a42be8 sp=0x0000002e1c6fc0f0
Event: 24.495 Thread 0x00000153714bec00 DEOPT UNPACKING pc=0x0000015357544242 sp=0x0000002e1c6fb698 mode 0
Event: 24.541 Thread 0x00000153714bec00 DEOPT PACKING pc=0x0000015350a42be8 sp=0x0000002e1c6f9570
Event: 24.541 Thread 0x00000153714bec00 DEOPT UNPACKING pc=0x0000015357544242 sp=0x0000002e1c6f8b18 mode 0
Event: 24.575 Thread 0x00000153714bec00 DEOPT PACKING pc=0x0000015350a42be8 sp=0x0000002e1c6f91d0
Event: 24.575 Thread 0x00000153714bec00 DEOPT UNPACKING pc=0x0000015357544242 sp=0x0000002e1c6f8778 mode 0
Event: 24.732 Thread 0x00000153714bec00 DEOPT PACKING pc=0x0000015350a42be8 sp=0x0000002e1c6faed0
Event: 24.732 Thread 0x00000153714bec00 DEOPT UNPACKING pc=0x0000015357544242 sp=0x0000002e1c6fa478 mode 0

Classes loaded (20 events):
Event: 23.508 Loading class java/util/PrimitiveIterator done
Event: 23.508 Loading class java/util/PrimitiveIterator$OfDouble done
Event: 23.510 Loading class java/util/PrimitiveIterator$OfLong
Event: 23.510 Loading class java/util/PrimitiveIterator$OfLong done
Event: 23.513 Loading class java/util/PrimitiveIterator$OfInt
Event: 23.514 Loading class java/util/PrimitiveIterator$OfInt done
Event: 23.517 Loading class java/util/stream/DoubleStream
Event: 23.517 Loading class java/util/stream/DoubleStream done
Event: 23.777 Loading class java/util/concurrent/atomic/AtomicIntegerFieldUpdater
Event: 23.778 Loading class java/util/concurrent/atomic/AtomicIntegerFieldUpdater done
Event: 23.799 Loading class java/util/WeakHashMap$KeyIterator
Event: 23.799 Loading class java/util/WeakHashMap$KeyIterator done
Event: 23.831 Loading class java/util/concurrent/LinkedBlockingDeque
Event: 23.832 Loading class java/util/concurrent/BlockingDeque
Event: 23.833 Loading class java/util/concurrent/BlockingDeque done
Event: 23.833 Loading class java/util/concurrent/LinkedBlockingDeque done
Event: 23.833 Loading class java/util/concurrent/PriorityBlockingQueue
Event: 23.834 Loading class java/util/concurrent/PriorityBlockingQueue done
Event: 24.384 Loading class java/io/ObjectStreamClass$ExceptionInfo
Event: 24.384 Loading class java/io/ObjectStreamClass$ExceptionInfo done

Classes unloaded (13 events):
Event: 6.707 Thread 0x000001534cf3e8f0 Unloading class 0x00000153011ad400 'java/lang/invoke/LambdaForm$MH+0x00000153011ad400'
Event: 6.707 Thread 0x000001534cf3e8f0 Unloading class 0x00000153011ad000 'java/lang/invoke/LambdaForm$MH+0x00000153011ad000'
Event: 6.707 Thread 0x000001534cf3e8f0 Unloading class 0x00000153011acc00 'java/lang/invoke/LambdaForm$MH+0x00000153011acc00'
Event: 6.707 Thread 0x000001534cf3e8f0 Unloading class 0x00000153011ac800 'java/lang/invoke/LambdaForm$MH+0x00000153011ac800'
Event: 6.707 Thread 0x000001534cf3e8f0 Unloading class 0x00000153011ac400 'java/lang/invoke/LambdaForm$BMH+0x00000153011ac400'
Event: 6.707 Thread 0x000001534cf3e8f0 Unloading class 0x00000153011ac000 'java/lang/invoke/LambdaForm$DMH+0x00000153011ac000'
Event: 6.707 Thread 0x000001534cf3e8f0 Unloading class 0x00000153011aac00 'java/lang/invoke/LambdaForm$DMH+0x00000153011aac00'
Event: 9.888 Thread 0x000001534cf3e8f0 Unloading class 0x000001530130a800 'java/lang/invoke/LambdaForm$MH+0x000001530130a800'
Event: 9.888 Thread 0x000001534cf3e8f0 Unloading class 0x0000015301309c00 'java/lang/invoke/LambdaForm$MH+0x0000015301309c00'
Event: 9.888 Thread 0x000001534cf3e8f0 Unloading class 0x0000015301309400 'java/lang/invoke/LambdaForm$MH+0x0000015301309400'
Event: 9.889 Thread 0x000001534cf3e8f0 Unloading class 0x0000015301308c00 'java/lang/invoke/LambdaForm$MH+0x0000015301308c00'
Event: 9.889 Thread 0x000001534cf3e8f0 Unloading class 0x0000015301308400 'java/lang/invoke/LambdaForm$DMH+0x0000015301308400'
Event: 9.889 Thread 0x000001534cf3e8f0 Unloading class 0x0000015301303c00 'java/lang/invoke/LambdaForm$MH+0x0000015301303c00'

Classes redefined (0 events):
No events

Internal exceptions (20 events):
Event: 22.151 Thread 0x000001536e2d28f0 Exception <a 'sun/nio/fs/WindowsException'{0x00000000d6266a20}> (0x00000000d6266a20) 
thrown [s\src\hotspot\share\prims\jni.cpp, line 520]
Event: 22.151 Thread 0x000001536e2d28f0 Exception <a 'sun/nio/fs/WindowsException'{0x00000000d6267050}> (0x00000000d6267050) 
thrown [s\src\hotspot\share\prims\jni.cpp, line 520]
Event: 22.151 Thread 0x000001536e2d28f0 Exception <a 'sun/nio/fs/WindowsException'{0x00000000d62679d0}> (0x00000000d62679d0) 
thrown [s\src\hotspot\share\prims\jni.cpp, line 520]
Event: 22.152 Thread 0x000001536e2d28f0 Exception <a 'sun/nio/fs/WindowsException'{0x00000000d6268000}> (0x00000000d6268000) 
thrown [s\src\hotspot\share\prims\jni.cpp, line 520]
Event: 22.153 Thread 0x000001536e2d28f0 Exception <a 'sun/nio/fs/WindowsException'{0x00000000d62696f0}> (0x00000000d62696f0) 
thrown [s\src\hotspot\share\prims\jni.cpp, line 520]
Event: 22.153 Thread 0x000001536e2d28f0 Exception <a 'sun/nio/fs/WindowsException'{0x00000000d6269d20}> (0x00000000d6269d20) 
thrown [s\src\hotspot\share\prims\jni.cpp, line 520]
Event: 22.154 Thread 0x000001536e2d28f0 Exception <a 'sun/nio/fs/WindowsException'{0x00000000d626b0c0}> (0x00000000d626b0c0) 
thrown [s\src\hotspot\share\prims\jni.cpp, line 520]
Event: 22.154 Thread 0x000001536e2d28f0 Exception <a 'sun/nio/fs/WindowsException'{0x00000000d626b910}> (0x00000000d626b910) 
thrown [s\src\hotspot\share\prims\jni.cpp, line 520]
Event: 22.154 Thread 0x000001536e2d28f0 Exception <a 'sun/nio/fs/WindowsException'{0x00000000d626c738}> (0x00000000d626c738) 
thrown [s\src\hotspot\share\prims\jni.cpp, line 520]
Event: 22.154 Thread 0x000001536e2d28f0 Exception <a 'sun/nio/fs/WindowsException'{0x00000000d626cf88}> (0x00000000d626cf88) 
thrown [s\src\hotspot\share\prims\jni.cpp, line 520]
Event: 22.155 Thread 0x000001536e2d28f0 Exception <a 'sun/nio/fs/WindowsException'{0x00000000d626de10}> (0x00000000d626de10) 
thrown [s\src\hotspot\share\prims\jni.cpp, line 520]
Event: 22.155 Thread 0x000001536e2d28f0 Exception <a 'sun/nio/fs/WindowsException'{0x00000000d626e660}> (0x00000000d626e660) 
thrown [s\src\hotspot\share\prims\jni.cpp, line 520]
Event: 22.156 Thread 0x000001536e2d28f0 Exception <a 'sun/nio/fs/WindowsException'{0x00000000d6270760}> (0x00000000d6270760) 
thrown [s\src\hotspot\share\prims\jni.cpp, line 520]
Event: 22.156 Thread 0x000001536e2d28f0 Exception <a 'sun/nio/fs/WindowsException'{0x00000000d6270fb0}> (0x00000000d6270fb0) 
thrown [s\src\hotspot\share\prims\jni.cpp, line 520]
Event: 22.243 Thread 0x000001536e2d28f0 Exception <a 'sun/nio/fs/WindowsException'{0x00000000d6353760}> (0x00000000d6353760) 
thrown [s\src\hotspot\share\prims\jni.cpp, line 520]
Event: 22.243 Thread 0x000001536e2d28f0 Exception <a 'sun/nio/fs/WindowsException'{0x00000000d6354050}> (0x00000000d6354050) 
thrown [s\src\hotspot\share\prims\jni.cpp, line 520]
Event: 22.245 Thread 0x000001536e2d28f0 Exception <a 'sun/nio/fs/WindowsException'{0x00000000d6355f48}> (0x00000000d6355f48) 
thrown [s\src\hotspot\share\prims\jni.cpp, line 520]
Event: 22.245 Thread 0x000001536e2d28f0 Exception <a 'sun/nio/fs/WindowsException'{0x00000000d6356578}> (0x00000000d6356578) 
thrown [s\src\hotspot\share\prims\jni.cpp, line 520]
Event: 22.246 Thread 0x000001536e2d28f0 Exception <a 'sun/nio/fs/WindowsException'{0x00000000d63571f8}> (0x00000000d63571f8) 
thrown [s\src\hotspot\share\prims\jni.cpp, line 520]
Event: 22.247 Thread 0x000001536e2d28f0 Exception <a 'sun/nio/fs/WindowsException'{0x00000000d6357a48}> (0x00000000d6357a48) 
thrown [s\src\hotspot\share\prims\jni.cpp, line 520]

ZGC Phase Switch (0 events):
No events

VM Operations (20 events):
Event: 23.799 Executing VM operation: HandshakeAllThreads (Deoptimize)
Event: 23.800 Executing VM operation: HandshakeAllThreads (Deoptimize) done
Event: 23.810 Executing VM operation: HandshakeAllThreads (Deoptimize)
Event: 23.810 Executing VM operation: HandshakeAllThreads (Deoptimize) done
Event: 23.867 Executing VM operation: HandshakeAllThreads (Deoptimize)
Event: 23.867 Executing VM operation: HandshakeAllThreads (Deoptimize) done
Event: 24.086 Executing VM operation: ParallelGCFailedAllocation (Allocation Failure)
Event: 24.088 Executing VM operation: ParallelGCFailedAllocation (Allocation Failure) done
Event: 24.117 Executing VM operation: CollectForMetadataAllocation (Metadata GC Threshold)
Event: 24.205 Executing VM operation: CollectForMetadataAllocation (Metadata GC Threshold) done
Event: 24.501 Executing VM operation: ParallelGCFailedAllocation (Allocation Failure)
Event: 24.503 Executing VM operation: ParallelGCFailedAllocation (Allocation Failure) done
Event: 24.715 Executing VM operation: ParallelGCFailedAllocation (Allocation Failure)
Event: 24.717 Executing VM operation: ParallelGCFailedAllocation (Allocation Failure) done
Event: 24.923 Executing VM operation: ParallelGCFailedAllocation (Allocation Failure)
Event: 24.925 Executing VM operation: ParallelGCFailedAllocation (Allocation Failure) done
Event: 25.138 Executing VM operation: ParallelGCFailedAllocation (Allocation Failure)
Event: 25.139 Executing VM operation: ParallelGCFailedAllocation (Allocation Failure) done
Event: 25.366 Executing VM operation: ParallelGCFailedAllocation (Allocation Failure)
Event: 25.368 Executing VM operation: ParallelGCFailedAllocation (Allocation Failure) done

Memory protections (0 events):
No events

Nmethod flushes (20 events):
Event: 24.156 Thread 0x000001534cf3e8f0 flushing  nmethod 0x00000153509d9790
Event: 24.156 Thread 0x000001534cf3e8f0 flushing  nmethod 0x00000153509d9b10
Event: 24.156 Thread 0x000001534cf3e8f0 flushing  nmethod 0x00000153509da110
Event: 24.156 Thread 0x000001534cf3e8f0 flushing  nmethod 0x00000153509da490
Event: 24.156 Thread 0x000001534cf3e8f0 flushing  nmethod 0x00000153509dd690
Event: 24.156 Thread 0x000001534cf3e8f0 flushing  nmethod 0x00000153509f3b10
Event: 24.156 Thread 0x000001534cf3e8f0 flushing  nmethod 0x00000153509f8010
Event: 24.156 Thread 0x000001534cf3e8f0 flushing  nmethod 0x00000153509f8710
Event: 24.156 Thread 0x000001534cf3e8f0 flushing  nmethod 0x00000153509f9690
Event: 24.156 Thread 0x000001534cf3e8f0 flushing  nmethod 0x00000153509f9c90
Event: 24.156 Thread 0x000001534cf3e8f0 flushing  nmethod 0x00000153509fa510
Event: 24.156 Thread 0x000001534cf3e8f0 flushing  nmethod 0x00000153509fa890
Event: 24.156 Thread 0x000001534cf3e8f0 flushing  nmethod 0x00000153509fc310
Event: 24.156 Thread 0x000001534cf3e8f0 flushing  nmethod 0x0000015350a16010
Event: 24.156 Thread 0x000001534cf3e8f0 flushing  nmethod 0x0000015350a1ce10
Event: 24.156 Thread 0x000001534cf3e8f0 flushing  nmethod 0x0000015350a3e710
Event: 24.156 Thread 0x000001534cf3e8f0 flushing  nmethod 0x0000015350a58c90
Event: 24.156 Thread 0x000001534cf3e8f0 flushing  nmethod 0x0000015350a5f110
Event: 24.156 Thread 0x000001534cf3e8f0 flushing  nmethod 0x0000015350a66810
Event: 24.156 Thread 0x000001534cf3e8f0 flushing  nmethod 0x0000015350a8dd90

Events (20 events):
Event: 22.184 Thread 0x000001536e2d28f0 Thread added: 0x00000153714bc4a0
Event: 22.190 Thread 0x000001536e2d28f0 Thread added: 0x00000153714b9d40
Event: 22.241 Thread 0x00000153714b9d40 Thread exited: 0x00000153714b9d40
Event: 22.258 Thread 0x000001536e2d28f0 Thread added: 0x00000153714b96b0
Event: 22.261 Thread 0x000001536e2d28f0 Thread added: 0x00000153714b9d40
Event: 22.296 Thread 0x00000153714b9d40 Thread exited: 0x00000153714b9d40
Event: 22.298 Thread 0x000001536e2d28f0 Thread added: 0x00000153714bd1c0
Event: 22.404 Thread 0x000001534cf5b100 Thread added: 0x00000153709c80c0
Event: 22.409 Thread 0x000001536e2d28f0 Thread added: 0x00000153714b9d40
Event: 22.411 Thread 0x000001536e2d28f0 Thread added: 0x00000153714bd850
Event: 22.436 Thread 0x00000153714bd850 Thread exited: 0x00000153714bd850
Event: 22.438 Thread 0x000001536e2d28f0 Thread added: 0x00000153714be570
Event: 22.442 Thread 0x000001536e2d28f0 Thread added: 0x00000153714bec00
Event: 22.721 Thread 0x00000153709c80c0 Thread added: 0x00000153709c8790
Event: 22.968 Thread 0x000001534cf5b100 Thread added: 0x00000153709c6c50
Event: 23.382 Thread 0x00000153709c80c0 Thread exited: 0x00000153709c80c0
Event: 23.435 Thread 0x00000153709c6c50 Thread exited: 0x00000153709c6c50
Event: 23.752 Thread 0x00000153709c8790 Thread exited: 0x00000153709c8790
Event: 24.018 Thread 0x000001534cf54650 Thread added: 0x00000153709c6c50
Event: 24.019 Thread 0x000001534cf54650 Thread added: 0x00000153709c57e0


Dynamic libraries:
0x00007ff7239b0000 - 0x00007ff7239be000 	c:\Users\Zoé - Pixelhub\.antigravity\extensions\redhat.java-1.52.0-win32-x64\jre\21.0.9-win32-x86_64\bin\java.exe
0x00007ffba2a40000 - 0x00007ffba2ca8000 	C:\WINDOWS\SYSTEM32\ntdll.dll
0x00007ffba0b40000 - 0x00007ffba0c09000 	C:\WINDOWS\System32\KERNEL32.DLL
0x00007ffb9ff70000 - 0x00007ffba0361000 	C:\WINDOWS\System32\KERNELBASE.dll
0x00007ffba0530000 - 0x00007ffba067b000 	C:\WINDOWS\System32\ucrtbase.dll
0x00007ffb34810000 - 0x00007ffb3482e000 	c:\Users\Zoé - Pixelhub\.antigravity\extensions\redhat.java-1.52.0-win32-x64\jre\21.0.9-win32-x86_64\bin\VCRUNTIME140.dll
0x00007ffb34b50000 - 0x00007ffb34b68000 	c:\Users\Zoé - Pixelhub\.antigravity\extensions\redhat.java-1.52.0-win32-x64\jre\21.0.9-win32-x86_64\bin\jli.dll
0x00007ffba0d60000 - 0x00007ffba0f26000 	C:\WINDOWS\System32\USER32.dll
0x00007ffb9f560000 - 0x00007ffb9f587000 	C:\WINDOWS\System32\win32u.dll
0x00007ffb8c1e0000 - 0x00007ffb8c473000 	C:\WINDOWS\WinSxS\amd64_microsoft.windows.common-controls_6595b64144ccf1df_6.0.26100.7705_none_3e06597ae3363b04\COMCTL32.dll
0x00007ffba1f10000 - 0x00007ffba1f3b000 	C:\WINDOWS\System32\GDI32.dll
0x00007ffba0c10000 - 0x00007ffba0cb9000 	C:\WINDOWS\System32\msvcrt.dll
0x00007ffba0370000 - 0x00007ffba049b000 	C:\WINDOWS\System32\gdi32full.dll
0x00007ffba0680000 - 0x00007ffba0723000 	C:\WINDOWS\System32\msvcp_win.dll
0x00007ffba1f40000 - 0x00007ffba1f71000 	C:\WINDOWS\System32\IMM32.DLL
0x00007ffb87600000 - 0x00007ffb8760c000 	c:\Users\Zoé - Pixelhub\.antigravity\extensions\redhat.java-1.52.0-win32-x64\jre\21.0.9-win32-x86_64\bin\vcruntime140_1.dll
0x00007ffb27c20000 - 0x00007ffb27cad000 	c:\Users\Zoé - Pixelhub\.antigravity\extensions\redhat.java-1.52.0-win32-x64\jre\21.0.9-win32-x86_64\bin\msvcp140.dll
0x00007ffb26e80000 - 0x00007ffb27c20000 	c:\Users\Zoé - Pixelhub\.antigravity\extensions\redhat.java-1.52.0-win32-x64\jre\21.0.9-win32-x86_64\bin\server\jvm.dll
0x00007ffba2940000 - 0x00007ffba29f4000 	C:\WINDOWS\System32\ADVAPI32.dll
0x00007ffba1110000 - 0x00007ffba11b6000 	C:\WINDOWS\System32\sechost.dll
0x00007ffba0a00000 - 0x00007ffba0b18000 	C:\WINDOWS\System32\RPCRT4.dll
0x00007ffba1e90000 - 0x00007ffba1f04000 	C:\WINDOWS\System32\WS2_32.dll
0x00007ffb9f180000 - 0x00007ffb9f1de000 	C:\WINDOWS\SYSTEM32\POWRPROF.dll
0x00007ffb99050000 - 0x00007ffb99085000 	C:\WINDOWS\SYSTEM32\WINMM.dll
0x00007ffb99090000 - 0x00007ffb9909b000 	C:\WINDOWS\SYSTEM32\VERSION.dll
0x00007ffb9f160000 - 0x00007ffb9f174000 	C:\WINDOWS\SYSTEM32\UMPDC.dll
0x00007ffb9e090000 - 0x00007ffb9e0ab000 	C:\WINDOWS\SYSTEM32\kernel.appcore.dll
0x00007ffb87280000 - 0x00007ffb8728a000 	c:\Users\Zoé - Pixelhub\.antigravity\extensions\redhat.java-1.52.0-win32-x64\jre\21.0.9-win32-x86_64\bin\jimage.dll
0x00007ffb9d300000 - 0x00007ffb9d542000 	C:\WINDOWS\SYSTEM32\DBGHELP.DLL
0x00007ffba2330000 - 0x00007ffba26b6000 	C:\WINDOWS\System32\combase.dll
0x00007ffba1db0000 - 0x00007ffba1e87000 	C:\WINDOWS\System32\OLEAUT32.dll
0x00007ffb871e0000 - 0x00007ffb8721b000 	C:\WINDOWS\SYSTEM32\dbgcore.DLL
0x00007ffba0730000 - 0x00007ffba07d5000 	C:\WINDOWS\System32\bcryptPrimitives.dll
0x00007ffb9a5f0000 - 0x00007ffb9a5ff000 	c:\Users\Zoé - Pixelhub\.antigravity\extensions\redhat.java-1.52.0-win32-x64\jre\21.0.9-win32-x86_64\bin\instrument.dll
0x00007ffb34290000 - 0x00007ffb342b0000 	c:\Users\Zoé - Pixelhub\.antigravity\extensions\redhat.java-1.52.0-win32-x64\jre\21.0.9-win32-x86_64\bin\java.dll
0x00007ffba1650000 - 0x00007ffba1da1000 	C:\WINDOWS\System32\SHELL32.dll
0x00007ffb9f590000 - 0x00007ffb9f6fa000 	C:\WINDOWS\System32\wintypes.dll
0x00007ffb9f700000 - 0x00007ffb9ff62000 	C:\WINDOWS\System32\windows.storage.dll
0x00007ffba2840000 - 0x00007ffba2936000 	C:\WINDOWS\System32\SHCORE.dll
0x00007ffba0890000 - 0x00007ffba08f7000 	C:\WINDOWS\System32\shlwapi.dll
0x00007ffb9f240000 - 0x00007ffb9f269000 	C:\WINDOWS\SYSTEM32\profapi.dll
0x00007ffb34270000 - 0x00007ffb34288000 	c:\Users\Zoé - Pixelhub\.antigravity\extensions\redhat.java-1.52.0-win32-x64\jre\21.0.9-win32-x86_64\bin\zip.dll
0x00007ffb85b00000 - 0x00007ffb85b10000 	C:\Users\Zoé - Pixelhub\.antigravity\extensions\redhat.java-1.52.0-win32-x64\jre\21.0.9-win32-x86_64\bin\net.dll
0x00007ffb99260000 - 0x00007ffb99387000 	C:\WINDOWS\SYSTEM32\WINHTTP.dll
0x00007ffb9e5e0000 - 0x00007ffb9e64b000 	C:\WINDOWS\system32\mswsock.dll
0x00007ffb25800000 - 0x00007ffb25816000 	C:\Users\Zoé - Pixelhub\.antigravity\extensions\redhat.java-1.52.0-win32-x64\jre\21.0.9-win32-x86_64\bin\nio.dll
0x00007ffb99a80000 - 0x00007ffb99a90000 	c:\Users\Zoé - Pixelhub\.antigravity\extensions\redhat.java-1.52.0-win32-x64\jre\21.0.9-win32-x86_64\bin\verify.dll
0x00007ffb76ac0000 - 0x00007ffb76b05000 	C:\Users\Zoé - Pixelhub\AppData\Roaming\Antigravity\User\globalStorage\redhat.java\1.52.0\config_win\org.eclipse.equinox.launcher\org.eclipse.equinox.launcher.win32.win32.x86_64_1.2.1500.v20260121-1430\eclipse_11919.dll
0x00007ffba2010000 - 0x00007ffba21a7000 	C:\WINDOWS\System32\ole32.dll
0x00007ffb9e9d0000 - 0x00007ffb9e9eb000 	C:\WINDOWS\SYSTEM32\CRYPTSP.dll
0x00007ffb9dff0000 - 0x00007ffb9e029000 	C:\WINDOWS\system32\rsaenh.dll
0x00007ffb9e690000 - 0x00007ffb9e6bb000 	C:\WINDOWS\SYSTEM32\USERENV.dll
0x00007ffb9f210000 - 0x00007ffb9f23a000 	C:\WINDOWS\SYSTEM32\bcrypt.dll
0x00007ffb9e830000 - 0x00007ffb9e83c000 	C:\WINDOWS\SYSTEM32\CRYPTBASE.dll
0x00007ffb9dae0000 - 0x00007ffb9db14000 	C:\WINDOWS\SYSTEM32\IPHLPAPI.DLL
0x00007ffba0d50000 - 0x00007ffba0d5a000 	C:\WINDOWS\System32\NSI.dll
0x00007ffb74990000 - 0x00007ffb749d9000 	C:\Users\Zoé - Pixelhub\AppData\Local\Temp\jna--455531826\jna8062887548469133738.dll
0x00007ffba2830000 - 0x00007ffba2838000 	C:\WINDOWS\System32\PSAPI.DLL
0x00007ffb99610000 - 0x00007ffb9962e000 	C:\WINDOWS\SYSTEM32\dhcpcsvc6.DLL
0x00007ffb995d0000 - 0x00007ffb995f3000 	C:\WINDOWS\SYSTEM32\dhcpcsvc.DLL
0x00007ffb7f1f0000 - 0x00007ffb7f217000 	C:\Users\Zoé - Pixelhub\.gradle\native\1def1411415f61bf3af743bc5b6707747c0891f09f0c88961ee8f79bc544acac\windows-amd64\native-platform.dll
0x00007ffb834b0000 - 0x00007ffb834ba000 	C:\Users\Zoé - Pixelhub\.antigravity\extensions\redhat.java-1.52.0-win32-x64\jre\21.0.9-win32-x86_64\bin\management.dll
0x00007ffb82980000 - 0x00007ffb8298c000 	C:\Users\Zoé - Pixelhub\.antigravity\extensions\redhat.java-1.52.0-win32-x64\jre\21.0.9-win32-x86_64\bin\management_ext.dll

JVMTI agents:
c:\Users\Zoé - Pixelhub\.antigravity\extensions\redhat.java-1.52.0-win32-x64\lombok\lombok-1.18.39-4050.jar path:c:\Users\Zoé - Pixelhub\.antigravity\extensions\redhat.java-1.52.0-win32-x64\jre\21.0.9-win32-x86_64\bin\instrument.dll, loaded, initialized, instrumentlib options:none

dbghelp: loaded successfully - version: 4.0.5 - missing functions: none
symbol engine: initialized successfully - sym options: 0x614 - pdb path: .;c:\Users\Zoé - Pixelhub\.antigravity\extensions\redhat.java-1.52.0-win32-x64\jre\21.0.9-win32-x86_64\bin;C:\WINDOWS\SYSTEM32;C:\WINDOWS\WinSxS\amd64_microsoft.windows.common-controls_6595b64144ccf1df_6.0.26100.7705_none_3e06597ae3363b04;c:\Users\Zoé - Pixelhub\.antigravity\extensions\redhat.java-1.52.0-win32-x64\jre\21.0.9-win32-x86_64\bin\server;C:\Users\Zoé - Pixelhub\AppData\Roaming\Antigravity\User\globalStorage\redhat.java\1.52.0\config_win\org.eclipse.equinox.launcher\org.eclipse.equinox.launcher.win32.win32.x86_64_1.2.1500.v20260121-1430;C:\Users\Zoé - Pixelhub\AppData\Local\Temp\jna--455531826;C:\Users\Zoé - Pixelhub\.gradle\native\1def1411415f61bf3af743bc5b6707747c0891f09f0c88961ee8f79bc544acac\windows-amd64

VM Arguments:
jvm_args: --add-modules=ALL-SYSTEM --add-opens=java.base/java.util=ALL-UNNAMED --add-opens=java.base/java.lang=ALL-UNNAMED --add-opens=java.base/sun.nio.fs=ALL-UNNAMED -Declipse.application=org.eclipse.jdt.ls.core.id1 -Dosgi.bundles.defaultStartLevel=4 -Declipse.product=org.eclipse.jdt.ls.core.product -Djava.import.generatesMetadataFilesAtProjectRoot=false -DDetectVMInstallationsJob.disabled=true -Dfile.encoding=utf8 -XX:+UseParallelGC -XX:GCTimeRatio=4 -XX:AdaptiveSizePolicyWeight=90 -Dsun.zip.disableMemoryMapping=true -Xmx2G -Xms100m -Xlog:disable -javaagent:c:\Users\Zoé - Pixelhub\.antigravity\extensions\redhat.java-1.52.0-win32-x64\lombok\lombok-1.18.39-4050.jar -XX:+HeapDumpOnOutOfMemoryError -XX:HeapDumpPath=c:\Users\Zoé - Pixelhub\AppData\Roaming\Antigravity\User\workspaceStorage\1715fe29c75a2fcb98e5bc1af4b7b03c\redhat.java -Daether.dependencyCollector.impl=bf 
java_command: c:\Users\Zoé - Pixelhub\.antigravity\extensions\redhat.java-1.52.0-win32-x64\server\plugins\org.eclipse.equinox.launcher_1.7.100.v20251111-0406.jar -configuration c:\Users\Zoé - Pixelhub\AppData\Roaming\Antigravity\User\globalStorage\redhat.java\1.52.0\config_win -data c:\Users\Zoé - Pixelhub\AppData\Roaming\Antigravity\User\workspaceStorage\1715fe29c75a2fcb98e5bc1af4b7b03c\redhat.java\jdt_ws --pipe=\\.\pipe\lsp-e5add11651cebbef6006773ae8fce9c2-sock
java_class_path (initial): c:\Users\Zoé - Pixelhub\.antigravity\extensions\redhat.java-1.52.0-win32-x64\server\plugins\org.eclipse.equinox.launcher_1.7.100.v20251111-0406.jar
Launcher Type: SUN_STANDARD

[Global flags]
    uintx AdaptiveSizePolicyWeight                 = 90                                        {product} {command line}
     intx CICompilerCount                          = 12                                        {product} {ergonomic}
    uintx GCTimeRatio                              = 4                                         {product} {command line}
     bool HeapDumpOnOutOfMemoryError               = true                                   {manageable} {command line}
    ccstr HeapDumpPath                             = c:\Users\Zoé - Pixelhub\AppData\Roaming\Antigravity\User\workspaceStorage\1715fe29c75a2fcb98e5bc1af4b7b03c\redhat.java         {manageable} {command line}
   size_t InitialHeapSize                          = 104857600                                 {product} {command line}
   size_t MaxHeapSize                              = 2147483648                                {product} {command line}
   size_t MaxNewSize                               = 715653120                                 {product} {ergonomic}
   size_t MinHeapDeltaBytes                        = 524288                                    {product} {ergonomic}
   size_t MinHeapSize                              = 104857600                                 {product} {command line}
   size_t NewSize                                  = 34603008                                  {product} {ergonomic}
    uintx NonNMethodCodeHeapSize                   = 7602480                                {pd product} {ergonomic}
    uintx NonProfiledCodeHeapSize                  = 122027880                              {pd product} {ergonomic}
   size_t OldSize                                  = 70254592                                  {product} {ergonomic}
    uintx ProfiledCodeHeapSize                     = 122027880                              {pd product} {ergonomic}
    uintx ReservedCodeCacheSize                    = 251658240                              {pd product} {ergonomic}
     bool SegmentedCodeCache                       = true                                      {product} {ergonomic}
   size_t SoftMaxHeapSize                          = 2147483648                             {manageable} {ergonomic}
     bool UseCompressedOops                        = true                           {product lp64_product} {ergonomic}
     bool UseLargePagesIndividualAllocation        = false                                  {pd product} {ergonomic}
     bool UseParallelGC                            = true                                      {product} {command line}

Logging:
Log output configuration:
 #0: stdout all=off uptime,level,tags foldmultilines=false
 #1: stderr all=off uptime,level,tags foldmultilines=false

Release file:
JAVA_VERSION="21.0.9" 
MODULES="java.base java.compiler java.datatransfer java.xml java.prefs java.desktop java.instrument java.logging java.management java.security.sasl java.naming java.rmi java.management.rmi java.net.http java.scripting java.security.jgss java.transaction.xa java.sql java.sql.rowset java.xml.crypto java.se java.smartcardio jdk.accessibility jdk.internal.jvmstat jdk.attach jdk.charsets jdk.internal.opt jdk.zipfs jdk.compiler jdk.crypto.ec jdk.crypto.cryptoki jdk.crypto.mscapi jdk.dynalink jdk.internal.ed jdk.editpad jdk.hotspot.agent jdk.httpserver jdk.internal.le jdk.internal.vm.ci jdk.internal.vm.compiler jdk.internal.vm.compiler.management jdk.jartool jdk.javadoc jdk.jcmd jdk.management jdk.management.agent jdk.jconsole jdk.jdeps jdk.jdwp.agent jdk.jdi jdk.jfr jdk.jshell jdk.jsobject jdk.jstatd jdk.localedata jdk.management.jfr jdk.naming.dns jdk.naming.rmi jdk.net jdk.nio.mapmode jdk.random jdk.sctp jdk.security.auth jdk.security.jgss jdk.unsupported jdk.unsupported.desktop jdk.xml.dom" 

Environment Variables:
PATH=C:\Program Files\Common Files\Oracle\Java\javapath;C:\WINDOWS\system32;C:\WINDOWS;C:\WINDOWS\System32\Wbem;C:\WINDOWS\System32\WindowsPowerShell\v1.0\;C:\WINDOWS\System32\OpenSSH\;C:\Program Files\Git\cmd;;C:\Program Files\Docker\Docker\resources\bin;C:\ProgramData\ComposerSetup\bin;C:\Program Files\nodejs\;C:\Users\Zoé - Pixelhub\AppData\Local\Microsoft\WindowsApps;C:\Users\Zoé - Pixelhub\AppData\Local\Programs\Microsoft VS Code\bin;C:\yt-dlp\;C:\ffmpeg\bin;C:\laragon\bin\php\php-8.3.16-Win32-vs16-x64;C:\Users\Zoé - Pixelhub\AppData\Local\Programs\Antigravity\bin;C:\Users\Zoé - Pixelhub\AppData\Local\GitHubDesktop\bin;C:\Users\Zoé - Pixelhub\AppData\Roaming\Composer\vendor\bin;C:\Users\Zoé - Pixelhub\AppData\Roaming\npm;C:\Users\Zoé - Pixelhub\AppData\Local\Android\Sdk\platform-tools;C:\Users\Zoé - Pixelhub\AppData\Local\Android\Sdk\emulator
USERNAME=Zoé - Pixelhub
OS=Windows_NT
PROCESSOR_IDENTIFIER=AMD64 Family 23 Model 96 Stepping 1, AuthenticAMD
TMP=C:\Users\ZO-PIX~1\AppData\Local\Temp
TEMP=C:\Users\ZO-PIX~1\AppData\Local\Temp




Periodic native trim disabled

---------------  S Y S T E M  ---------------

OS:
 Windows 11 , 64 bit Build 26100 (10.0.26100.7705)
OS uptime: 0 days 17:50 hours
Hyper-V role detected

CPU: total 16 (initial active 16) (16 cores per cpu, 2 threads per core) family 23 model 96 stepping 1 microcode 0x8600109, cx8, cmov, fxsr, ht, mmx, 3dnowpref, sse, sse2, sse3, ssse3, sse4a, sse4.1, sse4.2, popcnt, lzcnt, tsc, tscinvbit, avx, avx2, aes, clmul, bmi1, bmi2, adx, sha, fma, vzeroupper, clflush, clflushopt, hv, rdtscp, rdpid, f16c
Processor Information for the first 16 processors :
  Max Mhz: 1700, Current Mhz: 1400, Mhz Limit: 1700

Memory: 4k page, system-wide physical 15591M (3876M free)
TotalPageFile size 26311M (AvailPageFile size 406M)
current process WorkingSet (physical memory assigned to process): 262M, peak: 299M
current process commit charge ("private bytes"): 379M, peak: 430M

vm_info: OpenJDK 64-Bit Server VM (21.0.9+10-LTS) for windows-amd64 JRE (21.0.9+10-LTS), built on 2025-10-21T00:00:00Z by "admin" with unknown MS VC++:1942

END.
